Using pre-set license
Built from '2020.3/staging' branch; Version is '2020.3.25f1 (9b9180224418) revision 10195328'; Using compiler version '192528614'; Build Type 'Release'
OS: 'Windows 10  (10.0.19044) 64bit Professional' Language: 'en' Physical Memory: 16348 MB
BatchMode: 1, IsHumanControllingUs: 0, StartBugReporterOnCrash: 0, Is64bit: 1, IsPro: 0

COMMAND LINE ARGUMENTS:
C:\Program Files\Unity\Hub\Editor\2020.3.25f1\Editor\Unity.exe
-adb2
-batchMode
-noUpm
-name
AssetImportWorker0
-projectPath
C:/Users/horod/Boarding-Party/Boarding Party Redux
-logFile
Logs/AssetImportWorker0.log
-srvPort
58877
Successfully changed project path to: C:/Users/horod/Boarding-Party/Boarding Party Redux
C:/Users/horod/Boarding-Party/Boarding Party Redux
Using Asset Import Pipeline V2.
Refreshing native plugins compatible for Editor in 73.16 ms, found 2 plugins.
Preloading 0 native plugins for Editor in 0.00 ms.
Initialize engine version: 2020.3.25f1 (9b9180224418)
[Subsystems] Discovering subsystems at path C:/Program Files/Unity/Hub/Editor/2020.3.25f1/Editor/Data/Resources/UnitySubsystems
[Subsystems] Discovering subsystems at path C:/Users/horod/Boarding-Party/Boarding Party Redux/Assets
GfxDevice: creating device client; threaded=0
Direct3D:
    Version:  Direct3D 11.0 [level 11.1]
    Renderer: NVIDIA GeForce GTX 1060 6GB (ID=0x1c03)
    Vendor:   
    VRAM:     6052 MB
    Driver:   27.21.14.5671
Initialize mono
Mono path[0] = 'C:/Program Files/Unity/Hub/Editor/2020.3.25f1/Editor/Data/Managed'
Mono path[1] = 'C:/Program Files/Unity/Hub/Editor/2020.3.25f1/Editor/Data/MonoBleedingEdge/lib/mono/unityjit'
Mono config path = 'C:/Program Files/Unity/Hub/Editor/2020.3.25f1/Editor/Data/MonoBleedingEdge/etc'
Using monoOptions --debugger-agent=transport=dt_socket,embedding=1,server=y,suspend=n,address=127.0.0.1:56300
Begin MonoManager ReloadAssembly
Registering precompiled unity dll's ...
Register platform support module: C:/Program Files/Unity/Hub/Editor/2020.3.25f1/Editor/Data/PlaybackEngines/WindowsStandaloneSupport/UnityEditor.WindowsStandalone.Extensions.dll
Registered in 0.002011 seconds.
Native extension for WindowsStandalone target not found
Refreshing native plugins compatible for Editor in 73.33 ms, found 2 plugins.
Preloading 0 native plugins for Editor in 0.00 ms.
Mono: successfully reloaded assembly
- Completed reload, in  0.665 seconds
Domain Reload Profiling:
	ReloadAssembly (666ms)
		BeginReloadAssembly (71ms)
			ExecutionOrderSort (0ms)
			DisableScriptedObjects (0ms)
			BackupInstance (0ms)
			ReleaseScriptingObjects (0ms)
			CreateAndSetChildDomain (1ms)
		EndReloadAssembly (513ms)
			LoadAssemblies (68ms)
			RebuildTransferFunctionScriptingTraits (0ms)
			SetupTypeCache (169ms)
			ReleaseScriptCaches (0ms)
			RebuildScriptCaches (30ms)
			SetupLoadedEditorAssemblies (208ms)
				LogAssemblyErrors (0ms)
				InitializePlatformSupportModulesInManaged (5ms)
				SetLoadedEditorAssemblies (0ms)
				RefreshPlugins (73ms)
				BeforeProcessingInitializeOnLoad (14ms)
				ProcessInitializeOnLoadAttributes (84ms)
				ProcessInitializeOnLoadMethodAttributes (32ms)
				AfterProcessingInitializeOnLoad (0ms)
				EditorAssembliesLoaded (0ms)
			ExecutionOrderSort2 (0ms)
			AwakeInstancesAfterBackupRestoration (0ms)
Platform modules already initialized, skipping
Registering precompiled user dll's ...
Registered in 0.007160 seconds.
Begin MonoManager ReloadAssembly
Native extension for WindowsStandalone target not found
Refreshing native plugins compatible for Editor in 83.14 ms, found 2 plugins.
Preloading 0 native plugins for Editor in 0.00 ms.
Mono: successfully reloaded assembly
- Completed reload, in  1.458 seconds
Domain Reload Profiling:
	ReloadAssembly (1459ms)
		BeginReloadAssembly (165ms)
			ExecutionOrderSort (0ms)
			DisableScriptedObjects (5ms)
			BackupInstance (0ms)
			ReleaseScriptingObjects (0ms)
			CreateAndSetChildDomain (21ms)
		EndReloadAssembly (1222ms)
			LoadAssemblies (103ms)
			RebuildTransferFunctionScriptingTraits (0ms)
			SetupTypeCache (390ms)
			ReleaseScriptCaches (1ms)
			RebuildScriptCaches (84ms)
			SetupLoadedEditorAssemblies (484ms)
				LogAssemblyErrors (0ms)
				InitializePlatformSupportModulesInManaged (4ms)
				SetLoadedEditorAssemblies (0ms)
				RefreshPlugins (83ms)
				BeforeProcessingInitializeOnLoad (113ms)
				ProcessInitializeOnLoadAttributes (266ms)
				ProcessInitializeOnLoadMethodAttributes (10ms)
				AfterProcessingInitializeOnLoad (7ms)
				EditorAssembliesLoaded (0ms)
			ExecutionOrderSort2 (0ms)
			AwakeInstancesAfterBackupRestoration (7ms)
Platform modules already initialized, skipping
========================================================================
Worker process is ready to serve import requests
Launched and connected shader compiler UnityShaderCompiler.exe after 0.04 seconds
Refreshing native plugins compatible for Editor in 0.73 ms, found 2 plugins.
Preloading 0 native plugins for Editor in 0.00 ms.
Unloading 3650 Unused Serialized files (Serialized files now loaded: 0)
System memory in use before: 154.0 MB.
System memory in use after: 154.3 MB.

Unloading 23 unused Assets to reduce memory usage. Loaded Objects now: 4089.
Total: 4.781700 ms (FindLiveObjects: 0.309600 ms CreateObjectMapping: 0.369600 ms MarkObjects: 4.015900 ms  DeleteObjects: 0.085500 ms)

AssetImportParameters requested are different than current active one (requested -> active):
  custom:framework-win-MediaFoundation: 216162199b28c13a410421893ffa2e32 -> 
  custom:video-decoder-ogg-theora: a1e56fd34408186e4bbccfd4996cb3dc -> 
  custom:container-muxer-webm: aa71ff27fc2769a1b78a27578f13a17b -> 
  custom:container-demuxer-webm: 4f35f7cbe854078d1ac9338744f61a02 -> 
  custom:container-demuxer-ogg: 62fdf1f143b41e24485cea50d1cbac27 -> 
  custom:video-encoder-webm-vp8: eb34c28f22e8b96e1ab97ce403110664 -> 
  custom:video-decoder-webm-vp8: 9c59270c3fd7afecdb556c50c9e8de78 -> 
  custom:audio-decoder-ogg-vorbis: bf7c407c2cedff20999df2af8eb42d56 -> 
  custom:audio-encoder-webm-vorbis: bf7c407c2cedff20999df2af8eb42d56 -> 
========================================================================
Received Import Request.
  path: Assets
  artifactKey: Guid(00000000000000001000000000000000) Importer(815301076,1909f56bfc062723c751e8b465ee728b)
Start importing Assets using Guid(00000000000000001000000000000000) Importer(815301076,1909f56bfc062723c751e8b465ee728b)  -> (artifact id: '42d402b061de3733987d63b9cc3b64de') in 0.010530 seconds 
  Import took 0.016637 seconds .

========================================================================
Received Import Request.
  Time since last request: 0.000198 seconds.
  path: Assets/Prefabs/Mine.prefab
  artifactKey: Guid(e9c31b7e25f2cbd43a29e9c840002737) Importer(815301076,1909f56bfc062723c751e8b465ee728b)
Start importing Assets/Prefabs/Mine.prefab using Guid(e9c31b7e25f2cbd43a29e9c840002737) Importer(815301076,1909f56bfc062723c751e8b465ee728b)  -> (artifact id: 'a6afaa5a5e2589484c2ee1c190a4a600') in 0.229663 seconds 
  Import took 0.242157 seconds .

========================================================================
Received Import Request.
  Time since last request: 0.000266 seconds.
  path: Assets/Prefabs/Turret.prefab
  artifactKey: Guid(09b6ba71a7dd3e6438668de81660c0eb) Importer(815301076,1909f56bfc062723c751e8b465ee728b)
Start importing Assets/Prefabs/Turret.prefab using Guid(09b6ba71a7dd3e6438668de81660c0eb) Importer(815301076,1909f56bfc062723c751e8b465ee728b)  -> (artifact id: '977ff938094b8b32ed44c2cab322e82c') in 0.136190 seconds 
  Import took 0.145327 seconds .

========================================================================
Received Import Request.
  Time since last request: 0.000313 seconds.
  path: Assets/Prefabs/Shooter.prefab
  artifactKey: Guid(c074edf3852afa44098aecb974c150ea) Importer(815301076,1909f56bfc062723c751e8b465ee728b)
Start importing Assets/Prefabs/Shooter.prefab using Guid(c074edf3852afa44098aecb974c150ea) Importer(815301076,1909f56bfc062723c751e8b465ee728b)  -> (artifact id: 'b642e2d60ccc2f6165357928da92bcc0') in 0.391558 seconds 
  Import took 0.398761 seconds .

========================================================================
Received Import Request.
  Time since last request: 9.185789 seconds.
  path: Assets/UniversalRenderPipelineAsset.asset
  artifactKey: Guid(2085767f8d2bf3445a53b9a10a571b85) Importer(815301076,1909f56bfc062723c751e8b465ee728b)
Start importing Assets/UniversalRenderPipelineAsset.asset using Guid(2085767f8d2bf3445a53b9a10a571b85) Importer(815301076,1909f56bfc062723c751e8b465ee728b)  -> (artifact id: 'cfa5a2d83c5ef4bd7b99f7777f1520c6') in 0.208270 seconds 
  Import took 0.215731 seconds .

========================================================================
Received Import Request.
  Time since last request: 0.000183 seconds.
  path: Assets/UniversalRenderPipelineAsset_Renderer.asset
  artifactKey: Guid(0cbe8d484180cd049b126b8251cf8e8d) Importer(815301076,1909f56bfc062723c751e8b465ee728b)
Start importing Assets/UniversalRenderPipelineAsset_Renderer.asset using Guid(0cbe8d484180cd049b126b8251cf8e8d) Importer(815301076,1909f56bfc062723c751e8b465ee728b)  -> (artifact id: '7237fa70cffd0630e4bc38e31d7a4c2e') in 0.033783 seconds 
  Import took 0.041501 seconds .

========================================================================
Received Prepare
Switching render pipeline 00000000000000000000000000000000 -> 2085767f8d2bf3445a53b9a10a571b85
Refreshing native plugins compatible for Editor in 4.18 ms, found 2 plugins.
Preloading 0 native plugins for Editor in 0.00 ms.
Unloading 62 Unused Serialized files (Serialized files now loaded: 0)
System memory in use before: 85.4 MB.
System memory in use after: 85.7 MB.

Unloading 14 unused Assets to reduce memory usage. Loaded Objects now: 4144.
Total: 4.206500 ms (FindLiveObjects: 0.289600 ms CreateObjectMapping: 0.223000 ms MarkObjects: 3.676900 ms  DeleteObjects: 0.016100 ms)

AssetImportParameters requested are different than current active one (requested -> active):
  custom:framework-win-MediaFoundation: 216162199b28c13a410421893ffa2e32 -> 
  custom:video-decoder-ogg-theora: a1e56fd34408186e4bbccfd4996cb3dc -> 
  custom:container-muxer-webm: aa71ff27fc2769a1b78a27578f13a17b -> 
  custom:container-demuxer-webm: 4f35f7cbe854078d1ac9338744f61a02 -> 
  custom:container-demuxer-ogg: 62fdf1f143b41e24485cea50d1cbac27 -> 
  custom:video-encoder-webm-vp8: eb34c28f22e8b96e1ab97ce403110664 -> 
  custom:video-decoder-webm-vp8: 9c59270c3fd7afecdb556c50c9e8de78 -> 
  custom:audio-decoder-ogg-vorbis: bf7c407c2cedff20999df2af8eb42d56 -> 
  custom:audio-encoder-webm-vorbis: bf7c407c2cedff20999df2af8eb42d56 -> 
========================================================================
Received Import Request.
  Time since last request: 331.926066 seconds.
  path: Assets/InputSystem.inputsettings.asset
  artifactKey: Guid(9f8729c0920fb2c409c3b78ddfbf8b4f) Importer(815301076,1909f56bfc062723c751e8b465ee728b)
Start importing Assets/InputSystem.inputsettings.asset using Guid(9f8729c0920fb2c409c3b78ddfbf8b4f) Importer(815301076,1909f56bfc062723c751e8b465ee728b)  -> (artifact id: '5d9b901d6d997c28cfb8fcd790084471') in 0.014521 seconds 
  Import took 0.022781 seconds .

========================================================================
Received Import Request.
  Time since last request: 0.000205 seconds.
  path: Assets/UniversalRenderPipelineAsset.asset
  artifactKey: Guid(2085767f8d2bf3445a53b9a10a571b85) Importer(815301076,1909f56bfc062723c751e8b465ee728b)
Start importing Assets/UniversalRenderPipelineAsset.asset using Guid(2085767f8d2bf3445a53b9a10a571b85) Importer(815301076,1909f56bfc062723c751e8b465ee728b)  -> (artifact id: '7da9cc044b4c82a9de2b0dfcd6299e3a') in 0.023956 seconds 
  Import took 0.029877 seconds .

========================================================================
Received Import Request.
  Time since last request: 0.001004 seconds.
  path: Assets/UniversalRenderPipelineAsset_Renderer.asset
  artifactKey: Guid(0cbe8d484180cd049b126b8251cf8e8d) Importer(815301076,1909f56bfc062723c751e8b465ee728b)
Start importing Assets/UniversalRenderPipelineAsset_Renderer.asset using Guid(0cbe8d484180cd049b126b8251cf8e8d) Importer(815301076,1909f56bfc062723c751e8b465ee728b)  -> (artifact id: '430e29ab6c767331111a9324b20877d5') in 0.010463 seconds 
  Import took 0.017755 seconds .

========================================================================
Received Import Request.
  Time since last request: 157.101685 seconds.
  path: ProjectSettings/TagManager.asset
  artifactKey: Guid(00000000000000003000000000000000) Importer(815301076,1909f56bfc062723c751e8b465ee728b)
Start importing ProjectSettings/TagManager.asset using Guid(00000000000000003000000000000000) Importer(815301076,1909f56bfc062723c751e8b465ee728b)  -> (artifact id: 'b1d2dc3f147feed37febc2e027f9128d') in 0.006638 seconds 
  Import took 0.013525 seconds .

========================================================================
Received Import Request.
  Time since last request: 17.353258 seconds.
  path: Assets/UniversalRenderPipelineAsset_Renderer.asset
  artifactKey: Guid(0cbe8d484180cd049b126b8251cf8e8d) Importer(815301076,1909f56bfc062723c751e8b465ee728b)
Start importing Assets/UniversalRenderPipelineAsset_Renderer.asset using Guid(0cbe8d484180cd049b126b8251cf8e8d) Importer(815301076,1909f56bfc062723c751e8b465ee728b)  -> (artifact id: '4b21fea98f9d1fc6ed667069c8c78885') in 0.006432 seconds 
  Import took 0.013494 seconds .

========================================================================
Received Import Request.
  Time since last request: 43.395683 seconds.
  path: Assets/Prefabs/Grenade.prefab
  artifactKey: Guid(540f7b508d7950c41b1a7932e13a3dd5) Importer(815301076,1909f56bfc062723c751e8b465ee728b)
Start importing Assets/Prefabs/Grenade.prefab using Guid(540f7b508d7950c41b1a7932e13a3dd5) Importer(815301076,1909f56bfc062723c751e8b465ee728b)  -> (artifact id: 'b1d7c1805c559b840bff12cd85324814') in 0.600248 seconds 
  Import took 0.607692 seconds .

========================================================================
Received Import Request.
  Time since last request: 0.000236 seconds.
  path: Assets/Prefabs/MasterManager.prefab
  artifactKey: Guid(cf1e4313cbd13044da89800890fb6192) Importer(815301076,1909f56bfc062723c751e8b465ee728b)
Start importing Assets/Prefabs/MasterManager.prefab using Guid(cf1e4313cbd13044da89800890fb6192) Importer(815301076,1909f56bfc062723c751e8b465ee728b)  -> (artifact id: '10ceefc755a0eb4aad85f679695fe0dd') in 0.085551 seconds 
  Import took 0.093587 seconds .

========================================================================
Received Import Request.
  Time since last request: 0.000588 seconds.
  path: Assets/Prefabs/Mine.prefab
  artifactKey: Guid(e9c31b7e25f2cbd43a29e9c840002737) Importer(815301076,1909f56bfc062723c751e8b465ee728b)
Start importing Assets/Prefabs/Mine.prefab using Guid(e9c31b7e25f2cbd43a29e9c840002737) Importer(815301076,1909f56bfc062723c751e8b465ee728b)  -> (artifact id: '4911c889688cbd78996c3b407d8e0224') in 0.503505 seconds 
  Import took 0.511706 seconds .

========================================================================
Received Import Request.
  Time since last request: 0.000193 seconds.
  path: Assets/Prefabs/Turret.prefab
  artifactKey: Guid(09b6ba71a7dd3e6438668de81660c0eb) Importer(815301076,1909f56bfc062723c751e8b465ee728b)
Start importing Assets/Prefabs/Turret.prefab using Guid(09b6ba71a7dd3e6438668de81660c0eb) Importer(815301076,1909f56bfc062723c751e8b465ee728b)  -> (artifact id: '4923c65e8d4d31bd02153280b07ab6d4') in 0.023097 seconds 
  Import took 0.030154 seconds .

========================================================================
Received Import Request.
  Time since last request: 0.000171 seconds.
  path: Assets/Prefabs/Shooter.prefab
  artifactKey: Guid(c074edf3852afa44098aecb974c150ea) Importer(815301076,1909f56bfc062723c751e8b465ee728b)
Start importing Assets/Prefabs/Shooter.prefab using Guid(c074edf3852afa44098aecb974c150ea) Importer(815301076,1909f56bfc062723c751e8b465ee728b)  -> (artifact id: '1a555d39e2d83c38958269c6bade2f55') in 0.030521 seconds 
  Import took 0.039038 seconds .

========================================================================
Received Import Request.
  Time since last request: 2.578966 seconds.
  path: Assets/Prefabs/_OldPrefabs/Charger.prefab
  artifactKey: Guid(440bdc5b4c09e504599b368f05061038) Importer(815301076,1909f56bfc062723c751e8b465ee728b)
Start importing Assets/Prefabs/_OldPrefabs/Charger.prefab using Guid(440bdc5b4c09e504599b368f05061038) Importer(815301076,1909f56bfc062723c751e8b465ee728b)  -> (artifact id: '1b81e2c567fbde99136cfa008923e036') in 0.044949 seconds 
  Import took 0.054329 seconds .

========================================================================
Received Import Request.
  Time since last request: 0.000282 seconds.
  path: Assets/Prefabs/_OldPrefabs/Door.prefab
  artifactKey: Guid(a76298b0fef2e1743bb7a7704e99b771) Importer(815301076,1909f56bfc062723c751e8b465ee728b)
Start importing Assets/Prefabs/_OldPrefabs/Door.prefab using Guid(a76298b0fef2e1743bb7a7704e99b771) Importer(815301076,1909f56bfc062723c751e8b465ee728b)  -> (artifact id: 'b645bef7d6ef5de8cd2c8126fc88188b') in 0.123349 seconds 
  Import took 0.129448 seconds .

========================================================================
Received Import Request.
  Time since last request: 0.000280 seconds.
  path: Assets/Prefabs/_OldPrefabs/ExitTile.prefab
  artifactKey: Guid(bdf62b8570566ee4e961888798d51bdb) Importer(815301076,1909f56bfc062723c751e8b465ee728b)
Start importing Assets/Prefabs/_OldPrefabs/ExitTile.prefab using Guid(bdf62b8570566ee4e961888798d51bdb) Importer(815301076,1909f56bfc062723c751e8b465ee728b)  -> (artifact id: 'dc0f98e9dbbd8bb3c56f62b08ddb2b82') in 0.051971 seconds 
  Import took 0.088437 seconds .

========================================================================
Received Import Request.
  Time since last request: 0.000256 seconds.
  path: Assets/Prefabs/_OldPrefabs/PlayerManager.prefab
  artifactKey: Guid(811e2a4b13f0053458875abb1653d951) Importer(815301076,1909f56bfc062723c751e8b465ee728b)
Start importing Assets/Prefabs/_OldPrefabs/PlayerManager.prefab using Guid(811e2a4b13f0053458875abb1653d951) Importer(815301076,1909f56bfc062723c751e8b465ee728b)  -> (artifact id: '582e455b6ff7f865ef6dc618192a8092') in 0.007943 seconds 
  Import took 0.013614 seconds .

========================================================================
Received Import Request.
  Time since last request: 0.000293 seconds.
  path: Assets/Prefabs/_OldPrefabs/PlayerCamera.prefab
  artifactKey: Guid(791c95f6cedb7924f9b9ff0924d5e078) Importer(815301076,1909f56bfc062723c751e8b465ee728b)
Start importing Assets/Prefabs/_OldPrefabs/PlayerCamera.prefab using Guid(791c95f6cedb7924f9b9ff0924d5e078) Importer(815301076,1909f56bfc062723c751e8b465ee728b)  -> (artifact id: '31fa02881cedad0b2e897a3101ab4d2e') in 0.012630 seconds 
  Import took 0.018389 seconds .

========================================================================
Received Import Request.
  Time since last request: 0.000276 seconds.
  path: Assets/Prefabs/_OldPrefabs/Player_old.prefab
  artifactKey: Guid(7a86967e489b0b0489165437d3354457) Importer(815301076,1909f56bfc062723c751e8b465ee728b)
Start importing Assets/Prefabs/_OldPrefabs/Player_old.prefab using Guid(7a86967e489b0b0489165437d3354457) Importer(815301076,1909f56bfc062723c751e8b465ee728b)  -> (artifact id: '82ebc70974d6d460ad8a3b6ef47064b9') in 0.105111 seconds 
  Import took 0.111709 seconds .

========================================================================
Received Import Request.
  Time since last request: 0.000276 seconds.
  path: Assets/Prefabs/_OldPrefabs/EnemySpawn.prefab
  artifactKey: Guid(864225b13db5a3342a98137e23f5fbe3) Importer(815301076,1909f56bfc062723c751e8b465ee728b)
Start importing Assets/Prefabs/_OldPrefabs/EnemySpawn.prefab using Guid(864225b13db5a3342a98137e23f5fbe3) Importer(815301076,1909f56bfc062723c751e8b465ee728b)  -> (artifact id: '2cc176949e47e1e28de10e28ceaff3a8') in 0.032549 seconds 
  Import took 0.039152 seconds .

========================================================================
Received Import Request.
  Time since last request: 0.000218 seconds.
  path: Assets/Prefabs/_OldPrefabs/Robot Sparks.prefab
  artifactKey: Guid(a2e480d3c971db249894122e16eaaf67) Importer(815301076,1909f56bfc062723c751e8b465ee728b)
Start importing Assets/Prefabs/_OldPrefabs/Robot Sparks.prefab using Guid(a2e480d3c971db249894122e16eaaf67) Importer(815301076,1909f56bfc062723c751e8b465ee728b)  -> (artifact id: 'a15b9cdde0142d9306ef0e05da4269df') in 0.113467 seconds 
  Import took 0.119337 seconds .

========================================================================
Received Import Request.
  Time since last request: 0.000261 seconds.
  path: Assets/Prefabs/_OldPrefabs/Robot Explosion.prefab
  artifactKey: Guid(d87a4f7618434214c85561d23b48c120) Importer(815301076,1909f56bfc062723c751e8b465ee728b)
Start importing Assets/Prefabs/_OldPrefabs/Robot Explosion.prefab using Guid(d87a4f7618434214c85561d23b48c120) Importer(815301076,1909f56bfc062723c751e8b465ee728b)  -> (artifact id: '942b18ba3ffcb4b06ec56798d3794e94') in 0.046048 seconds 
  Import took 0.054712 seconds .

========================================================================
Received Import Request.
  Time since last request: 0.000253 seconds.
  path: Assets/Prefabs/_OldPrefabs/MapExit.prefab
  artifactKey: Guid(a3cb395994055b7409d190198239f355) Importer(815301076,1909f56bfc062723c751e8b465ee728b)
Start importing Assets/Prefabs/_OldPrefabs/MapExit.prefab using Guid(a3cb395994055b7409d190198239f355) Importer(815301076,1909f56bfc062723c751e8b465ee728b)  -> (artifact id: 'ed7a04e2ee016f00427de2bbb93a5402') in 0.030548 seconds 
  Import took 0.041323 seconds .

========================================================================
Received Import Request.
  Time since last request: 0.000198 seconds.
  path: Assets/Prefabs/_OldPrefabs/Items
  artifactKey: Guid(07df1b365eb13d04aaba61595c21bd22) Importer(815301076,1909f56bfc062723c751e8b465ee728b)
Start importing Assets/Prefabs/_OldPrefabs/Items using Guid(07df1b365eb13d04aaba61595c21bd22) Importer(815301076,1909f56bfc062723c751e8b465ee728b)  -> (artifact id: '070736aa58d579a917a5c5caa997c98f') in 0.009182 seconds 
  Import took 0.018894 seconds .

========================================================================
Received Import Request.
  Time since last request: 0.000129 seconds.
  path: Assets/Prefabs/_OldPrefabs/Grenade explosion.prefab
  artifactKey: Guid(8d9d8de9a8557434780039f16e09b996) Importer(815301076,1909f56bfc062723c751e8b465ee728b)
Start importing Assets/Prefabs/_OldPrefabs/Grenade explosion.prefab using Guid(8d9d8de9a8557434780039f16e09b996) Importer(815301076,1909f56bfc062723c751e8b465ee728b)  -> (artifact id: 'cbe32f9cb4c0c134199e7c6c429557a6') in 0.042708 seconds 
  Import took 0.049385 seconds .

========================================================================
Received Import Request.
  Time since last request: 0.000189 seconds.
  path: Assets/Prefabs/_OldPrefabs/EMP Effect.prefab
  artifactKey: Guid(295e74500cfaa4b4d85a34cb1dbd732c) Importer(815301076,1909f56bfc062723c751e8b465ee728b)
Start importing Assets/Prefabs/_OldPrefabs/EMP Effect.prefab using Guid(295e74500cfaa4b4d85a34cb1dbd732c) Importer(815301076,1909f56bfc062723c751e8b465ee728b)  -> (artifact id: '8c578ad37e52ddad7d748cef2b2c3852') in 0.059310 seconds 
  Import took 0.065776 seconds .

========================================================================
Received Import Request.
  Time since last request: 0.000162 seconds.
  path: Assets/Prefabs/_OldPrefabs/SpacePirate.prefab
  artifactKey: Guid(ea8e1e734bbcf2847838bcf4562f50ba) Importer(815301076,1909f56bfc062723c751e8b465ee728b)
Start importing Assets/Prefabs/_OldPrefabs/SpacePirate.prefab using Guid(ea8e1e734bbcf2847838bcf4562f50ba) Importer(815301076,1909f56bfc062723c751e8b465ee728b)  -> (artifact id: '1c7b308585cf2bce6f673cc97832e4a1') in 0.031394 seconds 
  Import took 0.038042 seconds .

========================================================================
Received Import Request.
  Time since last request: 1.505885 seconds.
  path: Assets/Prefabs/_OldPrefabs/PlayerCamera.prefab
  artifactKey: Guid(791c95f6cedb7924f9b9ff0924d5e078) Importer(815301076,1909f56bfc062723c751e8b465ee728b)
Start importing Assets/Prefabs/_OldPrefabs/PlayerCamera.prefab using Guid(791c95f6cedb7924f9b9ff0924d5e078) Importer(815301076,1909f56bfc062723c751e8b465ee728b)  -> (artifact id: 'e1313852353414f7c114eb03e36da130') in 0.008590 seconds 
  Import took 0.016613 seconds .

========================================================================
Received Import Request.
  Time since last request: 0.000286 seconds.
  path: Assets/Prefabs/_OldPrefabs/PlayerManager.prefab
  artifactKey: Guid(811e2a4b13f0053458875abb1653d951) Importer(815301076,1909f56bfc062723c751e8b465ee728b)
Start importing Assets/Prefabs/_OldPrefabs/PlayerManager.prefab using Guid(811e2a4b13f0053458875abb1653d951) Importer(815301076,1909f56bfc062723c751e8b465ee728b)  -> (artifact id: 'ca7d3473f90b4aaad008c49bd16206d8') in 0.007264 seconds 
  Import took 0.014135 seconds .

========================================================================
Received Import Request.
  Time since last request: 3.469553 seconds.
  path: Assets/Prefabs/_OldPrefabs/PlayerManager.prefab
  artifactKey: Guid(811e2a4b13f0053458875abb1653d951) Importer(815301076,1909f56bfc062723c751e8b465ee728b)
Start importing Assets/Prefabs/_OldPrefabs/PlayerManager.prefab using Guid(811e2a4b13f0053458875abb1653d951) Importer(815301076,1909f56bfc062723c751e8b465ee728b)  -> (artifact id: '80468fcdeeb5baf3e5db903dbf124c9d') in 0.015851 seconds 
  Import took 0.027668 seconds .

========================================================================
Received Import Request.
  Time since last request: 909.620071 seconds.
  path: Assets/Scripts/PlayerCamera.cs
  artifactKey: Guid(f60d03bca9a18074dbfef5122d873a70) Importer(815301076,1909f56bfc062723c751e8b465ee728b)
Start importing Assets/Scripts/PlayerCamera.cs using Guid(f60d03bca9a18074dbfef5122d873a70) Importer(815301076,1909f56bfc062723c751e8b465ee728b)  -> (artifact id: '0a9587b34d53b5ac5ab35c49eca2df46') in 0.069496 seconds 
  Import took 0.083198 seconds .

========================================================================
Received Prepare
Registering precompiled user dll's ...
Registered in 0.005141 seconds.
Begin MonoManager ReloadAssembly
Native extension for WindowsStandalone target not found
Refreshing native plugins compatible for Editor in 0.72 ms, found 2 plugins.
Preloading 0 native plugins for Editor in 0.00 ms.
Mono: successfully reloaded assembly
- Completed reload, in  1.372 seconds
Domain Reload Profiling:
	ReloadAssembly (1373ms)
		BeginReloadAssembly (161ms)
			ExecutionOrderSort (0ms)
			DisableScriptedObjects (8ms)
			BackupInstance (0ms)
			ReleaseScriptingObjects (0ms)
			CreateAndSetChildDomain (49ms)
		EndReloadAssembly (1151ms)
			LoadAssemblies (98ms)
			RebuildTransferFunctionScriptingTraits (0ms)
			SetupTypeCache (363ms)
			ReleaseScriptCaches (2ms)
			RebuildScriptCaches (66ms)
			SetupLoadedEditorAssemblies (467ms)
				LogAssemblyErrors (0ms)
				InitializePlatformSupportModulesInManaged (4ms)
				SetLoadedEditorAssemblies (1ms)
				RefreshPlugins (1ms)
				BeforeProcessingInitializeOnLoad (220ms)
				ProcessInitializeOnLoadAttributes (223ms)
				ProcessInitializeOnLoadMethodAttributes (11ms)
				AfterProcessingInitializeOnLoad (7ms)
				EditorAssembliesLoaded (0ms)
			ExecutionOrderSort2 (0ms)
			AwakeInstancesAfterBackupRestoration (17ms)
Platform modules already initialized, skipping
Refreshing native plugins compatible for Editor in 0.67 ms, found 2 plugins.
Preloading 0 native plugins for Editor in 0.00 ms.
Unloading 3575 Unused Serialized files (Serialized files now loaded: 0)
System memory in use before: 170.3 MB.
System memory in use after: 170.5 MB.

Unloading 19 unused Assets to reduce memory usage. Loaded Objects now: 4191.
Total: 3.661600 ms (FindLiveObjects: 0.282400 ms CreateObjectMapping: 0.189100 ms MarkObjects: 3.117500 ms  DeleteObjects: 0.071600 ms)

AssetImportParameters requested are different than current active one (requested -> active):
  custom:framework-win-MediaFoundation: 216162199b28c13a410421893ffa2e32 -> 
  custom:video-decoder-ogg-theora: a1e56fd34408186e4bbccfd4996cb3dc -> 
  custom:container-muxer-webm: aa71ff27fc2769a1b78a27578f13a17b -> 
  custom:container-demuxer-webm: 4f35f7cbe854078d1ac9338744f61a02 -> 
  custom:container-demuxer-ogg: 62fdf1f143b41e24485cea50d1cbac27 -> 
  custom:video-encoder-webm-vp8: eb34c28f22e8b96e1ab97ce403110664 -> 
  custom:video-decoder-webm-vp8: 9c59270c3fd7afecdb556c50c9e8de78 -> 
  custom:audio-decoder-ogg-vorbis: bf7c407c2cedff20999df2af8eb42d56 -> 
  custom:audio-encoder-webm-vorbis: bf7c407c2cedff20999df2af8eb42d56 -> 
========================================================================
Received Import Request.
  Time since last request: 7.727981 seconds.
  path: Assets/Scripts/PlayerController.cs
  artifactKey: Guid(5c6245cd78aabcc45b6c7a915562537f) Importer(815301076,1909f56bfc062723c751e8b465ee728b)
Start importing Assets/Scripts/PlayerController.cs using Guid(5c6245cd78aabcc45b6c7a915562537f) Importer(815301076,1909f56bfc062723c751e8b465ee728b)  -> (artifact id: '4121c258cb07e496a2d4081ed6e45b51') in 0.011001 seconds 
  Import took 0.017620 seconds .

========================================================================
Received Import Request.
  Time since last request: 4.194063 seconds.
  path: Assets/Scripts/GeneralManager.cs
  artifactKey: Guid(bcfef14209b96a24e9dd76c733d33abf) Importer(815301076,1909f56bfc062723c751e8b465ee728b)
Start importing Assets/Scripts/GeneralManager.cs using Guid(bcfef14209b96a24e9dd76c733d33abf) Importer(815301076,1909f56bfc062723c751e8b465ee728b)  -> (artifact id: '79da7eb18b67f2cedaedd32588276e78') in 0.008717 seconds 
  Import took 0.015636 seconds .

========================================================================
Received Import Request.
  Time since last request: 31.722557 seconds.
  path: Assets/Materials/OldSpacePirateArmor
  artifactKey: Guid(a860c37a6f195b547a2cf7002c6175f1) Importer(815301076,1909f56bfc062723c751e8b465ee728b)
Start importing Assets/Materials/OldSpacePirateArmor using Guid(a860c37a6f195b547a2cf7002c6175f1) Importer(815301076,1909f56bfc062723c751e8b465ee728b)  -> (artifact id: '591607ef24880bc4128ee80f4107e433') in 0.005860 seconds 
  Import took 0.012858 seconds .

========================================================================
Received Import Request.
  Time since last request: 1.257392 seconds.
  path: Assets/Texture/_OldTextures/yellowpirate/spacepirate_armor_M_BaseColor.png
  artifactKey: Guid(a77a93de47c09ae46a297cc56453d6fa) Importer(815301076,1909f56bfc062723c751e8b465ee728b)
Start importing Assets/Texture/_OldTextures/yellowpirate/spacepirate_armor_M_BaseColor.png using Guid(a77a93de47c09ae46a297cc56453d6fa) Importer(815301076,1909f56bfc062723c751e8b465ee728b)  -> (artifact id: '735da7612ce188c66ea07b038c8db0db') in 0.185632 seconds 
  Import took 0.191752 seconds .

========================================================================
Received Import Request.
  Time since last request: 0.000164 seconds.
  path: Assets/Texture/_OldTextures/yellowpirate/spacepirate_armor_M_Emissive.png
  artifactKey: Guid(337006d7a9399f24ca5a4b3ed7cf6c16) Importer(815301076,1909f56bfc062723c751e8b465ee728b)
Start importing Assets/Texture/_OldTextures/yellowpirate/spacepirate_armor_M_Emissive.png using Guid(337006d7a9399f24ca5a4b3ed7cf6c16) Importer(815301076,1909f56bfc062723c751e8b465ee728b)  -> (artifact id: 'da87eb4ed625b855667ceb75084fb858') in 0.039696 seconds 
  Import took 0.046015 seconds .

========================================================================
Received Import Request.
  Time since last request: 0.000170 seconds.
  path: Assets/Texture/_OldTextures/yellowpirate/spacepirate_armor_M_Roughness.png
  artifactKey: Guid(349c8580029d3db4ca5cc0194fcdbb87) Importer(815301076,1909f56bfc062723c751e8b465ee728b)
Start importing Assets/Texture/_OldTextures/yellowpirate/spacepirate_armor_M_Roughness.png using Guid(349c8580029d3db4ca5cc0194fcdbb87) Importer(815301076,1909f56bfc062723c751e8b465ee728b)  -> (artifact id: '3cd43642687395ff2c0cb8bce456f10a') in 0.014412 seconds 
  Import took 0.020816 seconds .

========================================================================
Received Import Request.
  Time since last request: 0.000232 seconds.
  path: Assets/Texture/_OldTextures/yellowpirate/spacepirate_armor_M_Normal.png
  artifactKey: Guid(3c2e6d9ff2e0da742b68e3d58c06584c) Importer(815301076,1909f56bfc062723c751e8b465ee728b)
Start importing Assets/Texture/_OldTextures/yellowpirate/spacepirate_armor_M_Normal.png using Guid(3c2e6d9ff2e0da742b68e3d58c06584c) Importer(815301076,1909f56bfc062723c751e8b465ee728b)  -> (artifact id: '8b1dffccb9cbf3f5018eda7c0fe9e7f1') in 0.022346 seconds 
  Import took 0.028884 seconds .

========================================================================
Received Import Request.
  Time since last request: 0.000174 seconds.
  path: Assets/Texture/_OldTextures/yellowpirate/spacepirate_armor_M_Metallic.png
  artifactKey: Guid(3e380704fe6923e48aa8e0d4ac42b0cf) Importer(815301076,1909f56bfc062723c751e8b465ee728b)
Start importing Assets/Texture/_OldTextures/yellowpirate/spacepirate_armor_M_Metallic.png using Guid(3e380704fe6923e48aa8e0d4ac42b0cf) Importer(815301076,1909f56bfc062723c751e8b465ee728b)  -> (artifact id: '8d890f8ca41b0756cae24dfbca60001c') in 0.014725 seconds 
  Import took 0.020880 seconds .

========================================================================
Received Import Request.
  Time since last request: 0.543562 seconds.
  path: Assets/Texture/_OldTextures/greenpirate/spacepirate_bodysuit_M1_BaseColor.png
  artifactKey: Guid(fea12557157bad5428d504dfbca60363) Importer(815301076,1909f56bfc062723c751e8b465ee728b)
Start importing Assets/Texture/_OldTextures/greenpirate/spacepirate_bodysuit_M1_BaseColor.png using Guid(fea12557157bad5428d504dfbca60363) Importer(815301076,1909f56bfc062723c751e8b465ee728b)  -> (artifact id: '036771d80d1962443361edd8c96ebfff') in 0.015496 seconds 
  Import took 0.022117 seconds .

========================================================================
Received Import Request.
  Time since last request: 0.000265 seconds.
  path: Assets/Texture/_OldTextures/greenpirate/spacepirate_bodysuit_M1_Metallic.png
  artifactKey: Guid(b3c74acdcd699b14c8e4962aee7f9c87) Importer(815301076,1909f56bfc062723c751e8b465ee728b)
Start importing Assets/Texture/_OldTextures/greenpirate/spacepirate_bodysuit_M1_Metallic.png using Guid(b3c74acdcd699b14c8e4962aee7f9c87) Importer(815301076,1909f56bfc062723c751e8b465ee728b)  -> (artifact id: '97a0982ee8f257ce4e64e413038d5d80') in 0.017354 seconds 
  Import took 0.024291 seconds .

========================================================================
Received Import Request.
  Time since last request: 0.000276 seconds.
  path: Assets/Texture/_OldTextures/greenpirate/spacepirate_bodysuit_M1_Normal.png
  artifactKey: Guid(eb3f5e5bd38c70042a4dd9cc7c086e5e) Importer(815301076,1909f56bfc062723c751e8b465ee728b)
Start importing Assets/Texture/_OldTextures/greenpirate/spacepirate_bodysuit_M1_Normal.png using Guid(eb3f5e5bd38c70042a4dd9cc7c086e5e) Importer(815301076,1909f56bfc062723c751e8b465ee728b)  -> (artifact id: 'a32f82147d36e6f145196835df2eb4e5') in 0.017891 seconds 
  Import took 0.024696 seconds .

========================================================================
Received Import Request.
  Time since last request: 0.000230 seconds.
  path: Assets/Texture/_OldTextures/greenpirate/spacepirate_bodysuit_M1_Roughness.png
  artifactKey: Guid(be34ae9a383f91f45a4ac8a67177793c) Importer(815301076,1909f56bfc062723c751e8b465ee728b)
Start importing Assets/Texture/_OldTextures/greenpirate/spacepirate_bodysuit_M1_Roughness.png using Guid(be34ae9a383f91f45a4ac8a67177793c) Importer(815301076,1909f56bfc062723c751e8b465ee728b)  -> (artifact id: '24e59e34591b4eb2632256f92ca2a82a') in 0.015644 seconds 
  Import took 0.022278 seconds .

========================================================================
Received Import Request.
  Time since last request: 6.941522 seconds.
  path: Assets/Materials/_Old Materials
  artifactKey: Guid(4d998425763b6d24e8f3bd9a04d4932e) Importer(815301076,1909f56bfc062723c751e8b465ee728b)
Start importing Assets/Materials/_Old Materials using Guid(4d998425763b6d24e8f3bd9a04d4932e) Importer(815301076,1909f56bfc062723c751e8b465ee728b)  -> (artifact id: '389e4fc534ce67f17a9de8384f332f16') in 0.006558 seconds 
  Import took 0.014205 seconds .

========================================================================
Received Import Request.
  Time since last request: 1.083301 seconds.
  path: Assets/Materials/_Old Materials/UI
  artifactKey: Guid(6f1f4a6e3807192409093d2ef97b4241) Importer(815301076,1909f56bfc062723c751e8b465ee728b)
Start importing Assets/Materials/_Old Materials/UI using Guid(6f1f4a6e3807192409093d2ef97b4241) Importer(815301076,1909f56bfc062723c751e8b465ee728b)  -> (artifact id: '933629be0d6bf36177bb7cba8a40a888') in 0.006243 seconds 
  Import took 0.012802 seconds .

========================================================================
Received Import Request.
  Time since last request: 0.419050 seconds.
  path: Assets/Materials/_Old Materials/Tile_Set1
  artifactKey: Guid(69bc4ea2f88a52c4f82564667dc5dd7c) Importer(815301076,1909f56bfc062723c751e8b465ee728b)
Start importing Assets/Materials/_Old Materials/Tile_Set1 using Guid(69bc4ea2f88a52c4f82564667dc5dd7c) Importer(815301076,1909f56bfc062723c751e8b465ee728b)  -> (artifact id: 'f9d3d6a2467ad1e659dbf5effdd71c80') in 0.006575 seconds 
  Import took 0.013144 seconds .

========================================================================
Received Import Request.
  Time since last request: 0.743604 seconds.
  path: Assets/Materials/_Old Materials/SolidColors
  artifactKey: Guid(a6f5c0d7fc33aac49a41ae479ba44cb9) Importer(815301076,1909f56bfc062723c751e8b465ee728b)
Start importing Assets/Materials/_Old Materials/SolidColors using Guid(a6f5c0d7fc33aac49a41ae479ba44cb9) Importer(815301076,1909f56bfc062723c751e8b465ee728b)  -> (artifact id: '7748715b4e6e312f353a2c9465adc2be') in 0.007047 seconds 
  Import took 0.013152 seconds .

========================================================================
Received Prepare
Registering precompiled user dll's ...
Registered in 0.005222 seconds.
Begin MonoManager ReloadAssembly
Native extension for WindowsStandalone target not found
Refreshing native plugins compatible for Editor in 0.67 ms, found 2 plugins.
Preloading 0 native plugins for Editor in 0.00 ms.
Mono: successfully reloaded assembly
- Completed reload, in  1.314 seconds
Domain Reload Profiling:
	ReloadAssembly (1314ms)
		BeginReloadAssembly (115ms)
			ExecutionOrderSort (0ms)
			DisableScriptedObjects (5ms)
			BackupInstance (0ms)
			ReleaseScriptingObjects (0ms)
			CreateAndSetChildDomain (39ms)
		EndReloadAssembly (1135ms)
			LoadAssemblies (96ms)
			RebuildTransferFunctionScriptingTraits (0ms)
			SetupTypeCache (344ms)
			ReleaseScriptCaches (2ms)
			RebuildScriptCaches (75ms)
			SetupLoadedEditorAssemblies (451ms)
				LogAssemblyErrors (0ms)
				InitializePlatformSupportModulesInManaged (4ms)
				SetLoadedEditorAssemblies (1ms)
				RefreshPlugins (1ms)
				BeforeProcessingInitializeOnLoad (125ms)
				ProcessInitializeOnLoadAttributes (302ms)
				ProcessInitializeOnLoadMethodAttributes (11ms)
				AfterProcessingInitializeOnLoad (7ms)
				EditorAssembliesLoaded (0ms)
			ExecutionOrderSort2 (0ms)
			AwakeInstancesAfterBackupRestoration (18ms)
Platform modules already initialized, skipping
Refreshing native plugins compatible for Editor in 0.71 ms, found 2 plugins.
Preloading 0 native plugins for Editor in 0.00 ms.
Unloading 3572 Unused Serialized files (Serialized files now loaded: 0)
System memory in use before: 170.1 MB.
System memory in use after: 170.3 MB.

Unloading 16 unused Assets to reduce memory usage. Loaded Objects now: 4197.
Total: 4.287100 ms (FindLiveObjects: 0.379500 ms CreateObjectMapping: 0.418100 ms MarkObjects: 3.465600 ms  DeleteObjects: 0.022700 ms)

AssetImportParameters requested are different than current active one (requested -> active):
  custom:framework-win-MediaFoundation: 216162199b28c13a410421893ffa2e32 -> 
  custom:video-decoder-ogg-theora: a1e56fd34408186e4bbccfd4996cb3dc -> 
  custom:container-muxer-webm: aa71ff27fc2769a1b78a27578f13a17b -> 
  custom:container-demuxer-webm: 4f35f7cbe854078d1ac9338744f61a02 -> 
  custom:container-demuxer-ogg: 62fdf1f143b41e24485cea50d1cbac27 -> 
  custom:video-encoder-webm-vp8: eb34c28f22e8b96e1ab97ce403110664 -> 
  custom:video-decoder-webm-vp8: 9c59270c3fd7afecdb556c50c9e8de78 -> 
  custom:audio-decoder-ogg-vorbis: bf7c407c2cedff20999df2af8eb42d56 -> 
  custom:audio-encoder-webm-vorbis: bf7c407c2cedff20999df2af8eb42d56 -> 
========================================================================
Received Import Request.
  Time since last request: 339.540990 seconds.
  path: Assets/Scripts/PlayerCamera.cs
  artifactKey: Guid(f60d03bca9a18074dbfef5122d873a70) Importer(815301076,1909f56bfc062723c751e8b465ee728b)
Start importing Assets/Scripts/PlayerCamera.cs using Guid(f60d03bca9a18074dbfef5122d873a70) Importer(815301076,1909f56bfc062723c751e8b465ee728b)  -> (artifact id: '152ddf8fff95a8980f68278f51b2c781') in 0.008532 seconds 
  Import took 0.015389 seconds .

========================================================================
Received Prepare
Registering precompiled user dll's ...
Registered in 0.004952 seconds.
Begin MonoManager ReloadAssembly
Native extension for WindowsStandalone target not found
Refreshing native plugins compatible for Editor in 0.83 ms, found 2 plugins.
Preloading 0 native plugins for Editor in 0.00 ms.
Mono: successfully reloaded assembly
- Completed reload, in  1.255 seconds
Domain Reload Profiling:
	ReloadAssembly (1255ms)
		BeginReloadAssembly (131ms)
			ExecutionOrderSort (0ms)
			DisableScriptedObjects (5ms)
			BackupInstance (0ms)
			ReleaseScriptingObjects (0ms)
			CreateAndSetChildDomain (40ms)
		EndReloadAssembly (1057ms)
			LoadAssemblies (96ms)
			RebuildTransferFunctionScriptingTraits (0ms)
			SetupTypeCache (342ms)
			ReleaseScriptCaches (2ms)
			RebuildScriptCaches (78ms)
			SetupLoadedEditorAssemblies (377ms)
				LogAssemblyErrors (0ms)
				InitializePlatformSupportModulesInManaged (5ms)
				SetLoadedEditorAssemblies (1ms)
				RefreshPlugins (1ms)
				BeforeProcessingInitializeOnLoad (119ms)
				ProcessInitializeOnLoadAttributes (235ms)
				ProcessInitializeOnLoadMethodAttributes (10ms)
				AfterProcessingInitializeOnLoad (6ms)
				EditorAssembliesLoaded (0ms)
			ExecutionOrderSort2 (0ms)
			AwakeInstancesAfterBackupRestoration (18ms)
Platform modules already initialized, skipping
Refreshing native plugins compatible for Editor in 0.69 ms, found 2 plugins.
Preloading 0 native plugins for Editor in 0.00 ms.
Unloading 3572 Unused Serialized files (Serialized files now loaded: 0)
System memory in use before: 170.1 MB.
System memory in use after: 170.4 MB.

Unloading 16 unused Assets to reduce memory usage. Loaded Objects now: 4199.
Total: 3.570600 ms (FindLiveObjects: 0.329700 ms CreateObjectMapping: 0.186500 ms MarkObjects: 3.002700 ms  DeleteObjects: 0.050800 ms)

AssetImportParameters requested are different than current active one (requested -> active):
  custom:framework-win-MediaFoundation: 216162199b28c13a410421893ffa2e32 -> 
  custom:video-decoder-ogg-theora: a1e56fd34408186e4bbccfd4996cb3dc -> 
  custom:container-muxer-webm: aa71ff27fc2769a1b78a27578f13a17b -> 
  custom:container-demuxer-webm: 4f35f7cbe854078d1ac9338744f61a02 -> 
  custom:container-demuxer-ogg: 62fdf1f143b41e24485cea50d1cbac27 -> 
  custom:video-encoder-webm-vp8: eb34c28f22e8b96e1ab97ce403110664 -> 
  custom:video-decoder-webm-vp8: 9c59270c3fd7afecdb556c50c9e8de78 -> 
  custom:audio-decoder-ogg-vorbis: bf7c407c2cedff20999df2af8eb42d56 -> 
  custom:audio-encoder-webm-vorbis: bf7c407c2cedff20999df2af8eb42d56 -> 
========================================================================
Received Import Request.
  Time since last request: 424.202998 seconds.
  path: Assets/Scripts/PlayerCamera.cs
  artifactKey: Guid(f60d03bca9a18074dbfef5122d873a70) Importer(815301076,1909f56bfc062723c751e8b465ee728b)
Start importing Assets/Scripts/PlayerCamera.cs using Guid(f60d03bca9a18074dbfef5122d873a70) Importer(815301076,1909f56bfc062723c751e8b465ee728b)  -> (artifact id: '53eb877fc8aed36ff36158121232573a') in 0.005943 seconds 
  Import took 0.011226 seconds .

========================================================================
Received Prepare
Registering precompiled user dll's ...
Registered in 0.006101 seconds.
Begin MonoManager ReloadAssembly
Native extension for WindowsStandalone target not found
Refreshing native plugins compatible for Editor in 0.75 ms, found 2 plugins.
Preloading 0 native plugins for Editor in 0.00 ms.
Mono: successfully reloaded assembly
- Completed reload, in  1.251 seconds
Domain Reload Profiling:
	ReloadAssembly (1251ms)
		BeginReloadAssembly (127ms)
			ExecutionOrderSort (0ms)
			DisableScriptedObjects (5ms)
			BackupInstance (0ms)
			ReleaseScriptingObjects (0ms)
			CreateAndSetChildDomain (38ms)
		EndReloadAssembly (1045ms)
			LoadAssemblies (94ms)
			RebuildTransferFunctionScriptingTraits (0ms)
			SetupTypeCache (363ms)
			ReleaseScriptCaches (2ms)
			RebuildScriptCaches (66ms)
			SetupLoadedEditorAssemblies (390ms)
				LogAssemblyErrors (0ms)
				InitializePlatformSupportModulesInManaged (5ms)
				SetLoadedEditorAssemblies (1ms)
				RefreshPlugins (1ms)
				BeforeProcessingInitializeOnLoad (114ms)
				ProcessInitializeOnLoadAttributes (252ms)
				ProcessInitializeOnLoadMethodAttributes (11ms)
				AfterProcessingInitializeOnLoad (7ms)
				EditorAssembliesLoaded (0ms)
			ExecutionOrderSort2 (0ms)
			AwakeInstancesAfterBackupRestoration (18ms)
Platform modules already initialized, skipping
Refreshing native plugins compatible for Editor in 0.88 ms, found 2 plugins.
Preloading 0 native plugins for Editor in 0.00 ms.
Unloading 3572 Unused Serialized files (Serialized files now loaded: 0)
System memory in use before: 170.1 MB.
System memory in use after: 170.4 MB.

Unloading 16 unused Assets to reduce memory usage. Loaded Objects now: 4201.
Total: 3.677800 ms (FindLiveObjects: 0.284200 ms CreateObjectMapping: 0.283200 ms MarkObjects: 3.092000 ms  DeleteObjects: 0.017600 ms)

AssetImportParameters requested are different than current active one (requested -> active):
  custom:framework-win-MediaFoundation: 216162199b28c13a410421893ffa2e32 -> 
  custom:video-decoder-ogg-theora: a1e56fd34408186e4bbccfd4996cb3dc -> 
  custom:container-muxer-webm: aa71ff27fc2769a1b78a27578f13a17b -> 
  custom:container-demuxer-webm: 4f35f7cbe854078d1ac9338744f61a02 -> 
  custom:container-demuxer-ogg: 62fdf1f143b41e24485cea50d1cbac27 -> 
  custom:video-encoder-webm-vp8: eb34c28f22e8b96e1ab97ce403110664 -> 
  custom:video-decoder-webm-vp8: 9c59270c3fd7afecdb556c50c9e8de78 -> 
  custom:audio-decoder-ogg-vorbis: bf7c407c2cedff20999df2af8eb42d56 -> 
  custom:audio-encoder-webm-vorbis: bf7c407c2cedff20999df2af8eb42d56 -> 
========================================================================
Received Prepare
Registering precompiled user dll's ...
Registered in 0.005253 seconds.
Begin MonoManager ReloadAssembly
Native extension for WindowsStandalone target not found
Refreshing native plugins compatible for Editor in 0.69 ms, found 2 plugins.
Preloading 0 native plugins for Editor in 0.00 ms.
Mono: successfully reloaded assembly
- Completed reload, in  1.243 seconds
Domain Reload Profiling:
	ReloadAssembly (1243ms)
		BeginReloadAssembly (145ms)
			ExecutionOrderSort (0ms)
			DisableScriptedObjects (5ms)
			BackupInstance (0ms)
			ReleaseScriptingObjects (0ms)
			CreateAndSetChildDomain (38ms)
		EndReloadAssembly (1031ms)
			LoadAssemblies (102ms)
			RebuildTransferFunctionScriptingTraits (0ms)
			SetupTypeCache (359ms)
			ReleaseScriptCaches (2ms)
			RebuildScriptCaches (66ms)
			SetupLoadedEditorAssemblies (368ms)
				LogAssemblyErrors (0ms)
				InitializePlatformSupportModulesInManaged (4ms)
				SetLoadedEditorAssemblies (1ms)
				RefreshPlugins (1ms)
				BeforeProcessingInitializeOnLoad (104ms)
				ProcessInitializeOnLoadAttributes (244ms)
				ProcessInitializeOnLoadMethodAttributes (9ms)
				AfterProcessingInitializeOnLoad (6ms)
				EditorAssembliesLoaded (0ms)
			ExecutionOrderSort2 (0ms)
			AwakeInstancesAfterBackupRestoration (15ms)
Platform modules already initialized, skipping
Refreshing native plugins compatible for Editor in 0.67 ms, found 2 plugins.
Preloading 0 native plugins for Editor in 0.00 ms.
Unloading 3572 Unused Serialized files (Serialized files now loaded: 0)
System memory in use before: 170.2 MB.
System memory in use after: 170.4 MB.

Unloading 16 unused Assets to reduce memory usage. Loaded Objects now: 4203.
Total: 3.807000 ms (FindLiveObjects: 0.298900 ms CreateObjectMapping: 0.302000 ms MarkObjects: 3.173200 ms  DeleteObjects: 0.032000 ms)

AssetImportParameters requested are different than current active one (requested -> active):
  custom:framework-win-MediaFoundation: 216162199b28c13a410421893ffa2e32 -> 
  custom:video-decoder-ogg-theora: a1e56fd34408186e4bbccfd4996cb3dc -> 
  custom:container-muxer-webm: aa71ff27fc2769a1b78a27578f13a17b -> 
  custom:container-demuxer-webm: 4f35f7cbe854078d1ac9338744f61a02 -> 
  custom:container-demuxer-ogg: 62fdf1f143b41e24485cea50d1cbac27 -> 
  custom:video-encoder-webm-vp8: eb34c28f22e8b96e1ab97ce403110664 -> 
  custom:video-decoder-webm-vp8: 9c59270c3fd7afecdb556c50c9e8de78 -> 
  custom:audio-decoder-ogg-vorbis: bf7c407c2cedff20999df2af8eb42d56 -> 
  custom:audio-encoder-webm-vorbis: bf7c407c2cedff20999df2af8eb42d56 -> 
========================================================================
Received Prepare
Registering precompiled user dll's ...
Registered in 0.006495 seconds.
Begin MonoManager ReloadAssembly
Native extension for WindowsStandalone target not found
Refreshing native plugins compatible for Editor in 0.75 ms, found 2 plugins.
Preloading 0 native plugins for Editor in 0.00 ms.
Mono: successfully reloaded assembly
- Completed reload, in  1.217 seconds
Domain Reload Profiling:
	ReloadAssembly (1217ms)
		BeginReloadAssembly (131ms)
			ExecutionOrderSort (0ms)
			DisableScriptedObjects (5ms)
			BackupInstance (0ms)
			ReleaseScriptingObjects (0ms)
			CreateAndSetChildDomain (43ms)
		EndReloadAssembly (1027ms)
			LoadAssemblies (87ms)
			RebuildTransferFunctionScriptingTraits (0ms)
			SetupTypeCache (351ms)
			ReleaseScriptCaches (1ms)
			RebuildScriptCaches (64ms)
			SetupLoadedEditorAssemblies (375ms)
				LogAssemblyErrors (0ms)
				InitializePlatformSupportModulesInManaged (5ms)
				SetLoadedEditorAssemblies (1ms)
				RefreshPlugins (1ms)
				BeforeProcessingInitializeOnLoad (123ms)
				ProcessInitializeOnLoadAttributes (226ms)
				ProcessInitializeOnLoadMethodAttributes (12ms)
				AfterProcessingInitializeOnLoad (7ms)
				EditorAssembliesLoaded (0ms)
			ExecutionOrderSort2 (0ms)
			AwakeInstancesAfterBackupRestoration (18ms)
Platform modules already initialized, skipping
Refreshing native plugins compatible for Editor in 0.80 ms, found 2 plugins.
Preloading 0 native plugins for Editor in 0.00 ms.
Unloading 3572 Unused Serialized files (Serialized files now loaded: 0)
System memory in use before: 170.2 MB.
System memory in use after: 170.4 MB.

Unloading 16 unused Assets to reduce memory usage. Loaded Objects now: 4205.
Total: 3.289300 ms (FindLiveObjects: 0.287300 ms CreateObjectMapping: 0.179500 ms MarkObjects: 2.805900 ms  DeleteObjects: 0.015300 ms)

AssetImportParameters requested are different than current active one (requested -> active):
  custom:framework-win-MediaFoundation: 216162199b28c13a410421893ffa2e32 -> 
  custom:video-decoder-ogg-theora: a1e56fd34408186e4bbccfd4996cb3dc -> 
  custom:container-muxer-webm: aa71ff27fc2769a1b78a27578f13a17b -> 
  custom:container-demuxer-webm: 4f35f7cbe854078d1ac9338744f61a02 -> 
  custom:container-demuxer-ogg: 62fdf1f143b41e24485cea50d1cbac27 -> 
  custom:video-encoder-webm-vp8: eb34c28f22e8b96e1ab97ce403110664 -> 
  custom:video-decoder-webm-vp8: 9c59270c3fd7afecdb556c50c9e8de78 -> 
  custom:audio-decoder-ogg-vorbis: bf7c407c2cedff20999df2af8eb42d56 -> 
  custom:audio-encoder-webm-vorbis: bf7c407c2cedff20999df2af8eb42d56 -> 
========================================================================
Received Prepare
Registering precompiled user dll's ...
Registered in 0.006443 seconds.
Begin MonoManager ReloadAssembly
Native extension for WindowsStandalone target not found
Refreshing native plugins compatible for Editor in 0.67 ms, found 2 plugins.
Preloading 0 native plugins for Editor in 0.00 ms.
Mono: successfully reloaded assembly
- Completed reload, in  1.179 seconds
Domain Reload Profiling:
	ReloadAssembly (1179ms)
		BeginReloadAssembly (117ms)
			ExecutionOrderSort (0ms)
			DisableScriptedObjects (5ms)
			BackupInstance (0ms)
			ReleaseScriptingObjects (0ms)
			CreateAndSetChildDomain (34ms)
		EndReloadAssembly (1004ms)
			LoadAssemblies (89ms)
			RebuildTransferFunctionScriptingTraits (0ms)
			SetupTypeCache (347ms)
			ReleaseScriptCaches (1ms)
			RebuildScriptCaches (63ms)
			SetupLoadedEditorAssemblies (357ms)
				LogAssemblyErrors (0ms)
				InitializePlatformSupportModulesInManaged (4ms)
				SetLoadedEditorAssemblies (0ms)
				RefreshPlugins (1ms)
				BeforeProcessingInitializeOnLoad (108ms)
				ProcessInitializeOnLoadAttributes (226ms)
				ProcessInitializeOnLoadMethodAttributes (10ms)
				AfterProcessingInitializeOnLoad (7ms)
				EditorAssembliesLoaded (0ms)
			ExecutionOrderSort2 (0ms)
			AwakeInstancesAfterBackupRestoration (16ms)
Platform modules already initialized, skipping
Refreshing native plugins compatible for Editor in 0.70 ms, found 2 plugins.
Preloading 0 native plugins for Editor in 0.00 ms.
Unloading 3572 Unused Serialized files (Serialized files now loaded: 0)
System memory in use before: 170.2 MB.
System memory in use after: 170.4 MB.

Unloading 16 unused Assets to reduce memory usage. Loaded Objects now: 4207.
Total: 3.519100 ms (FindLiveObjects: 0.325200 ms CreateObjectMapping: 0.193300 ms MarkObjects: 2.981200 ms  DeleteObjects: 0.018400 ms)

AssetImportParameters requested are different than current active one (requested -> active):
  custom:framework-win-MediaFoundation: 216162199b28c13a410421893ffa2e32 -> 
  custom:video-decoder-ogg-theora: a1e56fd34408186e4bbccfd4996cb3dc -> 
  custom:container-muxer-webm: aa71ff27fc2769a1b78a27578f13a17b -> 
  custom:container-demuxer-webm: 4f35f7cbe854078d1ac9338744f61a02 -> 
  custom:container-demuxer-ogg: 62fdf1f143b41e24485cea50d1cbac27 -> 
  custom:video-encoder-webm-vp8: eb34c28f22e8b96e1ab97ce403110664 -> 
  custom:video-decoder-webm-vp8: 9c59270c3fd7afecdb556c50c9e8de78 -> 
  custom:audio-decoder-ogg-vorbis: bf7c407c2cedff20999df2af8eb42d56 -> 
  custom:audio-encoder-webm-vorbis: bf7c407c2cedff20999df2af8eb42d56 -> 
========================================================================
Received Prepare
Registering precompiled user dll's ...
Registered in 0.004857 seconds.
Begin MonoManager ReloadAssembly
Native extension for WindowsStandalone target not found
Refreshing native plugins compatible for Editor in 0.71 ms, found 2 plugins.
Preloading 0 native plugins for Editor in 0.00 ms.
Mono: successfully reloaded assembly
- Completed reload, in  1.230 seconds
Domain Reload Profiling:
	ReloadAssembly (1231ms)
		BeginReloadAssembly (120ms)
			ExecutionOrderSort (0ms)
			DisableScriptedObjects (11ms)
			BackupInstance (0ms)
			ReleaseScriptingObjects (0ms)
			CreateAndSetChildDomain (34ms)
		EndReloadAssembly (1046ms)
			LoadAssemblies (101ms)
			RebuildTransferFunctionScriptingTraits (0ms)
			SetupTypeCache (360ms)
			ReleaseScriptCaches (2ms)
			RebuildScriptCaches (60ms)
			SetupLoadedEditorAssemblies (373ms)
				LogAssemblyErrors (0ms)
				InitializePlatformSupportModulesInManaged (4ms)
				SetLoadedEditorAssemblies (1ms)
				RefreshPlugins (1ms)
				BeforeProcessingInitializeOnLoad (114ms)
				ProcessInitializeOnLoadAttributes (236ms)
				ProcessInitializeOnLoadMethodAttributes (10ms)
				AfterProcessingInitializeOnLoad (6ms)
				EditorAssembliesLoaded (0ms)
			ExecutionOrderSort2 (0ms)
			AwakeInstancesAfterBackupRestoration (16ms)
Platform modules already initialized, skipping
Refreshing native plugins compatible for Editor in 0.71 ms, found 2 plugins.
Preloading 0 native plugins for Editor in 0.00 ms.
Unloading 3572 Unused Serialized files (Serialized files now loaded: 0)
System memory in use before: 170.2 MB.
System memory in use after: 170.4 MB.

Unloading 16 unused Assets to reduce memory usage. Loaded Objects now: 4209.
Total: 4.004500 ms (FindLiveObjects: 0.311700 ms CreateObjectMapping: 0.236400 ms MarkObjects: 3.424800 ms  DeleteObjects: 0.030600 ms)

AssetImportParameters requested are different than current active one (requested -> active):
  custom:framework-win-MediaFoundation: 216162199b28c13a410421893ffa2e32 -> 
  custom:video-decoder-ogg-theora: a1e56fd34408186e4bbccfd4996cb3dc -> 
  custom:container-muxer-webm: aa71ff27fc2769a1b78a27578f13a17b -> 
  custom:container-demuxer-webm: 4f35f7cbe854078d1ac9338744f61a02 -> 
  custom:container-demuxer-ogg: 62fdf1f143b41e24485cea50d1cbac27 -> 
  custom:video-encoder-webm-vp8: eb34c28f22e8b96e1ab97ce403110664 -> 
  custom:video-decoder-webm-vp8: 9c59270c3fd7afecdb556c50c9e8de78 -> 
  custom:audio-decoder-ogg-vorbis: bf7c407c2cedff20999df2af8eb42d56 -> 
  custom:audio-encoder-webm-vorbis: bf7c407c2cedff20999df2af8eb42d56 -> 
========================================================================
Received Prepare
Registering precompiled user dll's ...
Registered in 0.005254 seconds.
Begin MonoManager ReloadAssembly
Native extension for WindowsStandalone target not found
Refreshing native plugins compatible for Editor in 0.80 ms, found 2 plugins.
Preloading 0 native plugins for Editor in 0.00 ms.
Mono: successfully reloaded assembly
- Completed reload, in  1.487 seconds
Domain Reload Profiling:
	ReloadAssembly (1488ms)
		BeginReloadAssembly (104ms)
			ExecutionOrderSort (0ms)
			DisableScriptedObjects (5ms)
			BackupInstance (0ms)
			ReleaseScriptingObjects (0ms)
			CreateAndSetChildDomain (32ms)
		EndReloadAssembly (1321ms)
			LoadAssemblies (184ms)
			RebuildTransferFunctionScriptingTraits (0ms)
			SetupTypeCache (344ms)
			ReleaseScriptCaches (2ms)
			RebuildScriptCaches (88ms)
			SetupLoadedEditorAssemblies (493ms)
				LogAssemblyErrors (0ms)
				InitializePlatformSupportModulesInManaged (6ms)
				SetLoadedEditorAssemblies (1ms)
				RefreshPlugins (1ms)
				BeforeProcessingInitializeOnLoad (133ms)
				ProcessInitializeOnLoadAttributes (334ms)
				ProcessInitializeOnLoadMethodAttributes (11ms)
				AfterProcessingInitializeOnLoad (7ms)
				EditorAssembliesLoaded (0ms)
			ExecutionOrderSort2 (0ms)
			AwakeInstancesAfterBackupRestoration (17ms)
Platform modules already initialized, skipping
Refreshing native plugins compatible for Editor in 0.67 ms, found 2 plugins.
Preloading 0 native plugins for Editor in 0.00 ms.
Unloading 3572 Unused Serialized files (Serialized files now loaded: 0)
System memory in use before: 170.2 MB.
System memory in use after: 170.4 MB.

Unloading 16 unused Assets to reduce memory usage. Loaded Objects now: 4211.
Total: 3.266300 ms (FindLiveObjects: 0.288400 ms CreateObjectMapping: 0.209300 ms MarkObjects: 2.749300 ms  DeleteObjects: 0.018300 ms)

AssetImportParameters requested are different than current active one (requested -> active):
  custom:framework-win-MediaFoundation: 216162199b28c13a410421893ffa2e32 -> 
  custom:video-decoder-ogg-theora: a1e56fd34408186e4bbccfd4996cb3dc -> 
  custom:container-muxer-webm: aa71ff27fc2769a1b78a27578f13a17b -> 
  custom:container-demuxer-webm: 4f35f7cbe854078d1ac9338744f61a02 -> 
  custom:container-demuxer-ogg: 62fdf1f143b41e24485cea50d1cbac27 -> 
  custom:video-encoder-webm-vp8: eb34c28f22e8b96e1ab97ce403110664 -> 
  custom:video-decoder-webm-vp8: 9c59270c3fd7afecdb556c50c9e8de78 -> 
  custom:audio-decoder-ogg-vorbis: bf7c407c2cedff20999df2af8eb42d56 -> 
  custom:audio-encoder-webm-vorbis: bf7c407c2cedff20999df2af8eb42d56 -> 
AssetImportWorkerClient::OnTransportError - code=2 error=End of file
